1357963502279236911475289521536692485279848733131440439545285765866139235911956007617887867754969392
-69427821704581819482737379526409640062518415867400
-420225353795562487780432917400691064811260939715134448436760588685314020089957028743305986145278806
51744063913211125226216812428488155311502401914207
-98997603746825617775095239954239171002916070200024
4565445326215556956090283287739503010097906747496234190686564419874461576513995504686840749515344350
43126673208538842979163542730373126002288297002095
167924521186770891819400817513103996725314222110891
-317034503649568377995779368476536655159995035269970965551669743302888621644007296679136788590228196
-21551517957341901564887561089117983341997868290975
-89654576993447790002985704873173909058459316827305
3116284373640106014306185780479214697734962370138
170937625869160522033580203414013869711756900649829009063803910553190770968807715973999019021913140
123457617874206043762093249862980941144093320279140
-1952546657137449195158625739078797673871750567869156135894482080299645981598016623036339694071209164
-109300495862637935129527799099254381425785122109107
484928228881371258203881379179180038737311740112741702100165263916591887958697893181420297880574112
-47491036856040163336580981473065122580234647576265
171582517131551568845492653895829923418094691210702
304582471669143653731466306604778245716467094376918316283101259177602935029338922985659658337283454
2752850252177985981206270322840375559377285856062024977507800465467721157229231953736170055854004611
18338121961651933752816639102740832567900310380437477816389823888959438659977067998401203332064550
456590721277387471889537833697502442108055635806552115921903590973732068024620223124297753989717686
49992143913475581420128753558083068214536573418776
25414733237861232536849995466707280786744570746539
-3859798706092312486288806910123820844672942790372567872211719876049845682770377564801816952122358240
8367870713528360303962493696118479838323551727876024484976384210290380328147530046528456561914309230
-735409391222109294908330184174729048093815202920864875118987634506478422462175601460104073882562688
-1052938869707082334487554129921970573170341727038380112097136057281910746391259333797403413685746592
94362414275748153475478399269359686442204383911114
-52672079198716709348283086831863724034490751243569179999544793695660267109902581565486491810367328
313162528130508683438187301763466448679607806205173888052792462980741563961813719126654337074005726
4426342219266864383862498818371508383431217095964908751741407075554351494576504094328438049480956432
22612433097144878377498004605995788257832091268322
2887243210217628048615219379890232094949929112957719658918364985015690456960911130888402253840605327
4725753307102691222494244825987955276733775406054
-118715061978582856934004334286264669542719546522077
-30672921260855971599275908403349562818899008080185
54307883191775623250311994350426411961706885922294
-6167520557995899180877387838738201395614669425260
124416709225382765129328169052508333005289968940140
102324791111265442596643642740210730334828675831159
-5257461685841343569645363730491425647637436278655
-96711750652796145029464624388488868476019090106037
127889588684146153658491153494529869936953944101400
120178668949186780274291387988913934949372746766143
-55805551177334335818400289122398113296748654354301
52075968881996597316777337999706991023698275116324
90237532329038982994188531015224653305936347872933
-1516779750006161350642999367494051874626851758087313239444310634141452302754288671427735883571078487
61690338632328069154952863113321094961660889640542
72824745972527769078474416299029945091245815175374
-3572773624618503623294724147388349375961769806686949132325959365010795019086649940876477886678154658
-52212450597849105338045398686837513524628986371987
112574925574971567504467392115990861002207131216678
-1981604260425615077056582833958145716439694391957033027653469190626079311456881949396456132001983170
109033201763579837886060728052952112456411400727227
-31990289887949907756339357204877110322823146811231
514098517690350854970161420955305591171055763835308340955372668167118729657822893958576447167656908
37129625989462358046406371341122171157009830175583
146561312086964385269045504109199182802871518422341
134940755152801727912321020867782499822717764951337
-4137547862706575552898215515212387047758097741660098332374900183542155548476567103943716646936865380
6287145867006658282453749061499711613631127844516051381376619033857223541850909573485650689815963440
314338283490797511069269214589642854346550993418035404981475370282721391472138924521704944570822104
80140720141013335947565114589000431784639827813234
192436090063129034839583274766194044923994519000261277950256753334515580909778294705039198471240420
-30454163989305004030328980716676467402775777715474
26787756680889334481388867362781082696340908684075
29345072384382108308003809924552855707069263504236
56621462828502900133630450470392656713561276334774
107499447445071906215415218283006940988451196842765
50337716193160918736729978839235643886129365796703
2058884082073194752549717472316278142596529130392700953967497648175009284188014911675139485386144454
-1867597732232598237591577162030693963924103881923000081128395528071017583508940777894334545627455150
106118593019891571517014227186137255799965705991595
5511227270726863583089386075766909171488976066810757642670069375254630825241745044100099722503954698
-54560661127318593079126307751510175812982684543846
-936568919286730940986565133670713512171353381268927923885759001777747746275444821286863944360192764
-119253474780939516161893448954686231035778492877956
-55419093108511101834857147362292744138105015773398
-3602311999184372894049330205791114747940087943593122514356095139658387143719958930253282265126497454
-1797990647573327291745468415464194343501399846335832071791609380314183240464180887795656723016382786
60968195634221591986686138594600840749355767758243
-66660349565705129063976440235881052567838084170912
124916151252897953556957418502553337123989874009203
46552659030005738372789017327790353272157792304273
-41191422343081065432027887396033189940435028288060
47234118654477134718379694669423864203236619772709
48469540596673299220398498416059068308724562424599
62594535071312492429716980882854979603528815735810
4751711950125083284209808100825219868642554385466835178348829811767933148590944498448593190567963300
19108297642141119340557627571686027970692248663067
-88214784376888165345916210635974057770160168520801
-89134883635240987313233166308340086213798694062276
136828030340900023805252309499216798240341054399183
61995352726472119225989115162750234260984755504083
-59406602849722113715070530004160588848981318158891
-1140069690858376960948272459688389993713957263120783738805505832098904082841922678690456087490844511
10463968781745513827106870046059066054089574734785
