6071610756951518928044414721314924729332379693169255084151136494007184056302014004583599029613832797
7550477228319087523304340403355760398247775935748043713256010315284453180428885281709967477505442911
-30579370370144436669682005002574593577655176595331676725556778513992599629723507375164865799865567682898561166081176441419322532246949233176471928304388748475149913664342105859413033840491423622516820
19566258306789469981304417956730410735298191209302128820164342305040705419050775505698014135664610973153924660681057468743253971492008348566497549130638341599446063688687114309407347280021341051210210
-2388903403213046731044368873871433483828405764589102744432908047189147794492839857721808123527681180162638604234897517521516522886338168539094209378277329527896824774761735823333656254856386732294468
-265694793503210794997032594687234393157688107750672939831006693628149590226607837473187377182753969343629458141355379594603041536385420592575467300147689084775371814287258493085927371342488260270089
9978347654245119560173321590682519884892978392569616360749645002719792901446235234540537764635563220
-8952212954821135487686755215199695429387818188196901276690212766000926978802485379593639498200448150
13166794890263645411320215470465620108722204602709591544433690837932565193018689728750395427211483103
3155329594059601924218386607645005247604970638616236301688482273884249238136725699853518298829865342
9671959662156060576919621681589996946792742429336486767859650104349567776210165114112551815952335022192540405307041903782848752132645530269016359074146072122794846899294291117979361725906265331223553
8965004128363780109075934714318640855771810552219413625769048981483794528396825167650143169921288719
-7949421907661510104230704096563386094514818111262885760691929524654272666915789995128721717143610328
-6227258424584239710161020687342245466929636185521783309459709824671869095526639770528480471410167935
-324097253038485813223180773698357271260665086753640380114317414486605271036433598400932295263616699697634648161112216596060694488963539260077090744751217453150436078540048195952588146223130854748282
-28491050504728670154073182286243525775018353673212994200918820271256256232295244729964993833045014592162592074700171524562412443006296568423170336772263844376471231929547385571978286426831735643608870
13938755909616533824415183697453006814057400711185388237320701974965867400846622526105340468945557080088740980826104460806183000402121596387005088687745909674263209151503830069588712255368464017682696
2526079785741887468707019327047521825335582223279556277596026341325577364124772046635900143546578734
304782888676616029364312038624990688869980828988239152609508868526133203718215195834997937438392338904395878994725866093727064311324717773508886468244743703177862462388589586128927480266620515859200
10838793016674648918801975731451594419565759601028816254946087691335101933181400447433031312408229196
-37043773134421702187739123346458671486171174753095065106741202952870157390976177680139535207809246115426007172304133119714306405326840273591529564122681477173380221003552121627727511460847132114089995
77826148341053603278522466326921352377596193135895681380809708206037615833679567406227827410348052
2931526221528264930047246358610751923679396077859470872593703526933952784767688022990023028225881478
-20513574692136409169527040389211096547745425565328486962159599641437045307913852260850247663682997219713382619767857322192436700875823411814817393706047378228226977982804423525529990290033507870923950
-3874693545136381629126517461299895066559331224019672675053016370350385934254101643706785037443855779
4610246575228488204416526327499261504656442457557993965902282319466922036988487001496884249554965475
10773657806583608837216750106897769174472443871443336967739582182107951393977297223298907814773090883
11553183323821761221315128239483570133753759421773310154426969385771582165311993466255547214779708615
4092739794287785247056985141791416745058631641548114003498748585297615025897965579836903524689018917
58184572084782030042572544792731725443276790417089728924169438585503859460726735701427458181134948588024526804293524692372167686724399905122849307082675256360448167473967675302976249166577023411509402
-8874239068722677966980109856214404422168755412155444587076892802516013836516972112055128690162291397
2250927299969220106566331651560207175659261764347995244574205883434984378983084502403306499261834227
2191491737803938387395061031122797705790017730720954403473599089337239166174523804154513786806316257
3281202085914270070833703403503052161607413006872123150665114995714380964044400526162442998412423946
4167241146209826780184589369763736248318193877193047975199698689420960133956986846002291737668329756
6981920148609060464750594102726225324352092751427531824518401624566671829316984399573971584507992942283347872113931955810068999518162226452974929610417785561099880253326993169326828149278136967437012
8031569377510226192295367610381399554142844646531704251643783234779477143888327881363894726534040020
-1353856361719393471922623511387464370185483122209504571323184670859920361666647849482596619476724075
23152898956344328846753192039893289572060173673285834854151297211386331498360870879464564233274898533215668511867472771088374472410495191527327435219908639117861019193424463746148344561801674886784674
-93455416493382095652564771810255857632086275125596949641710015610538145851598102930868298337353157820210520018829881826117026120412839821305273780483622210454254984450134314789468832308659646593861036
35807667057328500419775639607149617251771408123668050498294111687221159276382781296150629060949934523978925330853966252603546417250026001551542919723359812665338222418564620407796867749784512017781974
-70386646090148885637698179145756016834513651349396280063831498233214193314972712061195049281571761108137666518210767217482814523625805489584505072461331005758801389035312346581054277607465329749580025
-3089716962390636771054747215505034057873108530579853844765092180842334996968706148746156567624095605
-2651540936814660851772607344509090910033251733839064917924262692917590504974719415065627550064173013
32000519300805806934532633716453474943555577142173318431942817711352831587743990247607242600303691199682762481984734578451962306966245097457556765218587022993110387961876739052344284896428193530492765
-27911802154381650921546932658067198520358361995746927101855825460866740037798075279807990991890271757968314408414828893640217744313300727936189361959655972409819514692833189793391798642352748947212664
-26045097056093711805508148811484695224155271233604621678674729102907195415479922161828198713614695476932516739869144728108030671313072630567024612408978676925143254756639870943046190414806103064906250
-13723638747145966371897572479456846502123774380810977765641589018649192100675666296313022650037499851
459327872514163054907236261629782897962358422282756577779992559853816196466407483697884037443583003
46641033848273441915749019408610277524982349508376991190705731536701327020521952350484371455637780552458154884127072285692320016963674097355802927752398488683602864479114454991927608434325808185108824
-64639919428386458154546196297503419054498569237814342083733250342517379908474926692595392728699605308618178578560852062258508921787188504986304765476908169921747626467210044671900936671500389274232432
-29772779390977639158006509072015858966230484008676448618873035292786413185686593957014924023768217009091341753207428896922246381547517121019683654216872949402211130136531677543026041561817859379621888
419395727091625739920246944013773920821640948233300416137251209567551079192110557127019512749533002
1888220708379193748771943525483637875969577692005489255210060107947667850708626575855902147117828417
10796978040460163847767995139805976020857583618182592075755341863290500497188048922262308778627848370
-929633472369561878825133430332492568796153125788555178921469881132302964941140874667194345156960604844799801731546269461543106168496521484007287468193077793124708930066815600240609537550678222726128
2784883187611604036410508598642230613826576674126196762969367727632381082155315586577307184159875727
-87060276499600422954328994928307907397456475009592691308945461363801000576496703812879984944226736458623393629375356845251063306475818330418176608524517117786987230630164137423978287598079502448059182
-3848885143761374488519056069060373801504392777739989503008459819094666119953172488729962878844006275
-5755092532091156914348470935440067377062021288751332268668087826419512039705516063732266413970263818
-4840172410629004729581750945935335963404435103707346618214677098743677948883423634003447225868663164
10226739287222588985627224268949849201727909493114428243151285706265768985587269746898876586196110868604558599477373331859674235754201613517445803633774700126959701530514114875410659844636923539079610
18612794538426664681147425474977750510342461930054581215826839743537096253197584397449734099328668069724753224763338371751039062864820717248880413611296487764179769743982036543149048291884446961386912
1727790247606734514982216694502764760890423330578645246350812044590946895412266306560891369014619735
35218993133912082577214548954212686224024157830176999363881172217603809308099859747573238109531041036704369167222246678733396501395249367651443856273229879517495246667212956717221912120333624817419904
-4601221490776358059440186267913819477900712678454895888281024008558513753393022691969546478763280926
14088155888172201941326739993475268826245406058571567201669231097377716648707003803301759385072556608
-2090136628537462045927506744799265963362964801635628613750922795805151379011138712018860561612260557
-54052003076475170306559073614844892201927416367587181655936888378013295861528028634892553572054802091384134967411269597645241523656375346980231986514106445801008587727047043905589321089413462980196920
-1956033313569000373359146953040219348988835039799702403422297118191969852955541768151650905720333349
-6487948749020782083439202787564652596868374384777804125087388625885145818878737008533594748183871014
-13445253008903894748033487103079875391165553115892779973070952401815600522789556078033716814284152747101733216420121564406677254189980033330550991380557663336213811016752783625549183834112876817580604
18072584084126601345480191665006025885524830546316966734433114354585000952000091203241238684129660470521602909664631318444721196840546541413447671791297905782824652014499991298244371545992020285489648
-26198189409109959157955168145397995020094714729512100906657157818602634882834352185877983222388382989861022313009013207545558823861784561087514700335473848403243663910126484008657726466886139617255348
395550861670079572094902006575625188366327438253261207122615563255915927220844707904101361505285830
3829189943016661854528886381092103567272996228942594872559444446417818008593920665718413960821995339860305565666255758787627096678221457511303221205750444550764849769943429670604261131656553225879575
7581205333052997251285565073099705572118261825028828422626248965738082891252243039369952661979819522
-11705451749421879707221304000998831514332227685994904840999343457229416545939578752260163211382074407
61977490500660583902842242431988178843449454387596546067063613385025037002196122997808288957037980754217757624341518630714303992186969116530999461914541645209795116804367793029150187716548461448183940
10066039877067509526149553708167880891539957134810872256515964667985146908124717598144626232710026196
-4238425677402830987003473649317097204512263267678428327448076459919918802665812447329222036441653012
-10652459126983102775827117459631143619785511914016216401870119229638690488619404346768047464101223681313629980280165515618770780772949875308326047529498239684451530680834572603428143015925207241111829
-3373871274015786541919870248177419004009531172108409966980878587424737769334177787729735269414604719588431329910769829022483207905235152649989417069856086894626474736535205589246667155926499435319200
-14480960408248968079171428097780545770530785518780699258932555828703259080372342008971894229135086440
8088794016825943870000561419600470243160141203389779341542804630803434983165935281505294458569642143
-38100891222062577571335882815871674280916794405810129527718684016999387930375713090634353859346365829932450796067955045706560638179086694814425134282015768099972614616012655977087939984184017305986124
4171993187437572933117151451265078412186264331153192193090583849741394710680027664490652097817321435417413860544476344186440656243124984379245031949512235479281594953672673202523109488068912400407988
13546810467165637911148937306062532690346712072000576484527603616234807705236107585882245858727650630
48663144500356136815030932357241356338394926206522753690700664341874489396319169673753405404239400784823200377762923554916427026794188194889855537001661010660878780435790156444356275143564692647926248
11727775335523105012621048897036932033397355114419329167016438035958171594412864078296197391326923016
-3492559966714044437584012257524554115658707227607836072479506131554733803132820871132372553006901706
-59938045255541581320087339579705254167601898775901813196846336169729809144160661249880598224899720546563219603382120169333327568409090941507198788271657439498019230886391896576868080177886073377041264
-43712092770872952424143435993013851165713881176368606625720713965010458812513692595914019904029518671850346780020928270062371499109165604366983708874995340024586144199418413175548829657274752355573256
7304159078829918471572753490823358825317324548684327461900842029697796231733304737322298293980890399
-1770685891125845040753053709451628256696933240979995017865133470028025198050656943079993300887357357
-4151131707214378261480298965114338201693545338741828469820367456212365981944650212464461053878885368
-3302773944787638463938497057704676892105111262760967661093473688769844204360539288155665168633747053
1551883040797285734504880333452373714342729260988380620452156729595699473560368271589803632337375850499886431034395153100233962096358331502677793685551253852105250408722801128491937298465665829384728
8613257328045605633078739793475308578735178717237437887481306134488443554727905319574692528310939429
4315250286093917087638173424268190215520094970907020457284567799289568597960277279735188958761383001
-17565440056535057989079140177245111294689052965379306857274691392770947690765659507326465580578445655657900818636759443009375546240288387194887507414254634436800138722657325281443321336547656045676512
-9058066639787431305008706455576926635850326197524896612300650943341564401189034737127336843063638966
-6930041365097481302993440758385986107598720368023624217555351392842001005144262030067616140045156800
2900364555710780839776013783459083532955559874354016256272735678504431600092116629990639666012224532
-12111575505507455851474966896755534878783351835806731812124027875832514290502138305308265087370589212
8631631764137889569511938779939538354864565240182616895513240152299520658495092292018735483644392204
63500930074921474776406526830892726881414920723830439440697760824609815199512024172528615711792319694493921546346989732395287610901756941112647818112746982127423703703445107446884745651656363237639280
6065516433601179750944072672284537261893553328963448125605130526831879797227526877468502914610993083
6780761378033048591166604910516795791067897783497004289199728601693020767026747405405589148529677241
-5867463949497518463365965958476500566636014041213523964281660998990827766824545807022356659261797360
63192917597865219840465050710367496263255067831319021672386835664923681168083355064841002568162462889265317129040908362718614783207306443678268187520998821334727966643148875346686018026859130966133310
1842609635437278641462069548716342399961617059154401352845284254964777826821808503080690710858907688
-316521627246564316729359031535783985932177307039273464937357128885409933467623264511068780191690363
-3131172887923134698005451964516630582294525523077660230993853212255803860614687807868535302423752470665676225019652011756880784375418394185011347854041069616693756854118554461113249205243404920100160
13678105466603875638325259018604195629456177410698596639071780676698474823481263626521185857165560946
4197310598795743049633675393738204593923177745590452203741820968374416358580081486880196761488727344
-47237367040726174236605353359949078282040584466989252717926386545587008219910574384745291615053717495489704939404004925365347388305994596878435746312267901333270511182796525580355914087374370787188922
-975974825298873273840584616467217942661664602806791082805378073524796876084780380341535077430897638997207280690812281087304692160103676990548241231217063653249536245174629153308132429790299256218250
-11097389980280351860995621690432303575550974513607869237391031539583219453176941293963933259345229761014332150078101469657216289207501842185151086400666133138485016815399484192092514865577093817905732
4294462870008633520447880592805630607783195645620845325046547564719154738360578776767111795001272443
19067693418364208202775040133152964827204205457624287858143390912487547830853037952340499418146374603148298674365772880545793760848184831793808597602580304439264395962221101825426211310901625117898847
45408146631824326467714859801702707448557984621198060992206595682683207134483995679711110710547352473734852273844570536818286479801006998331293213169502896386838624695288009883506807216528893713593177
3536264076203334389995868563763581252264568282515684020112808805338400415032941990242649622828724318
-236662956455127775213600215352695000107904137514625102429077911569252126416497009620540745331353287
514911830602650754981861457704059183463424468192574599996120030272822784141012457821089652546219507
13993746618257567290532019117813850006865458069953013684827689677511856921160042706392488915924914677
-48296780640969123207393570843242408653956831944819157047539495638778398032215585337431273056316622968966446576220254020227623161544831095331218459201553854496016718950395798140793346642032075423034560
-4737469072490276748070756627781839717850124943496338957625018674453887041637025998752373060018486467
14623329463304868860378100774730669027534964717051531971679466299242108734243335018943442309461257335
14101496808795043106009040863366515262763346125766581756699586009624221977041334673155952987238518168
113371735724497072452269260831446293178281048912521254773425653665019945973709945245240908781270600744560736104247141723778827468611663949014701617255520902324408739663083038028395369752022071100960
3716957519054596294790227444484811233709556820038304618852255035757523645358339042304831796523989534
-1008119829060997665796688449492319441284845611107782159276912119179980387772231173105401588244347664
13382214065450990177625153212071623512824571368418583668679428721270669271286960842927165191780429921
8554498308025017333961237525695015344398922536205435710911392499784325137668872529973822561814284965
3290141368872217422889833933878730098257118251021316032659937582530619888563170488959255444577069923
-12619070861672229408117920865467462690317362306356560102068137872540161535913348082029471021027094875934238361706815977135432692255810224545917318356823446968400400951674200903898059348383094613361340
6331348665519172473177040306063879065209380150967167089992943886779226722543310622223330835330526296
1478824468368287589156398258022705476010980018801474606282184839249282207019463186486263324599642773
33958605266666987182718258082397607213381299241769747262103791460073819305907382203848870264899907762903446868560662265113562603912172084797945871217174089647435011842005670787848730790504958656734998
-8187079447765363308831500821130339667425616635688687326514515913434038078874471716766415881793156222
-3840476731987908774846727093515937955672694277326412668039207345829430546349793515375246073900621680
17331851130290493110116279529697824010609955140453353497996378746605832075573183005615658442099757168
887161819450917428331968099480263290698528030632127574009790767789668576645266338305627012218533294431800076109692600820307739408557262851247189519513817888589405268319341801595076165038115175359950
2136992427434553680893865618665899577707050783906024427299253891103762927847721336497692709851210278
-14574820699540557509368679357978745140978053314572130013040570358608882860883399236725720486786983
8872121477135595932815661380515247647111594191091228452723615110550841537587408925447267068747595327
15336978198774240812374820953344812614179914286088114888110631312703679068677731928601674867593608017
1333892492947122387351416777304461578811704694433541040788530856243540767325524285581653201439999141
11608784536885790644236863514356939914302890786459694349916006759185223781032345941136042695929868153
20487597543930049913808266545750886858452106896426024032429893387423496490530853016070399087310322230803226650174368473379256208379997980283092764261656436935448645749121305676049617480363621470560850
219260402470978324820931261281325203441579673742963125246759116189355853624548020631601095757941401
-1208089893430527013707863997643346379919240669754909745666409320675710825952521631472649301369818683
13108326988477498372409500293304461486798961347921911829056456138042810527690073752975859440268004639
-938375071861384268198997394647229769244587198026823431745647070789778799805984253123936563284825677
-270743336709929149018019718461142430237972915756279915234973627530592863030843508815990762304020881136906941708089795917965470142751649845133382673756013833793471138429956173023169996831700680410102
-6222523293356450447348969233368401957798796103292207696523450014720669965486803604902091232913269262
-1822046621163143044504306279591005329684122495935689380905926599420400492906269080372647258073038813
-2306153868411629073426246948684836125559361874660063263487482221196197410727914423231421154618325019
29393083350362626360864345697122963730072741139951186733832329376475262824117817723760295870174009113214108527820920978326534519067383332195395485430847160032846788894773792922004284427743760318037890
-2456488082864256391182527293805424899928684725468085967771793133120583851876427345970539259389204590
-7361069940326892649333465936421315249274387650388225868085742123104710324258617423274381924947881674
16181001295899649407514481070978023885631553190047965157458973339673119796938918135941622106038244399
9084198011260566411232993699150655472677949832277775867644941441802267395923369759423865921470764227
2164654849756481024391904755505592058336042368291433743091865672729718745089203552502588918336684842824989647333993358000709893609307663554557883014620074138885479107635176012586815363783812119011227
12666317044580219908365295154146840172108889175554941347398159249960870692228692435964599227192662163
4135372793121418243960988238216364959138154340612408710581186994143378704239235454444099280983643043
-39543914656586794342843681524131644614885861765113400697031790842927245185872329839666242155067108364967396674760775280790847756291929835042256211307719405931741733043955954803247961821010881109441210
7557094461414929681052282768198220136637534848380789190344005178832175029022639117622151305856305442
-2525177211292083975838395438724064829788948815094629401132648982891390707575001895025614289478428160
-48254667371485108489919781657594373285577752215839360976039681464206112430921656669841113926783549715916758655049925435595535119714936135918708234163104664895155998525852173261979269663100732747663669
10580976220336642735931147899198540424284767608860561882321292117076547153399203098956479536424874747
10113706893454135815220657046291893550288934658620433804487160616466283780886200077250941157935727105
-1839420885230447454669228872386137597945642945060369450717256775373815386281759850772493060966826594
4675451723952558642740802844375967526179682615093798343664887988350472121676245291713263909354942601165796986807824111671992918621756167396690446710792017168236580489618785054361275704561154058110990
11906873274538789613872945470223766991309749580780367987796686544639042910244346452228876486390536078
-40202309052463142092774320053102566927092460906347857500628317961323418493924752056677244928611464658225690388239243501931516514330112141953839762920377427715056158851710399359481875701781340181463100
-6534567581782462470704437248221858990241467130114117499665987109927254105614631169451897262699715036
2238760343308722527343540420442713326591720585851751845862416672849493004474254038629363174129541807
4240897527751166892405234183077652411642467910208606304563112278874793245387586169766316078526583524
45609941043385207085841639805335458691578437620272073197704276287195169199105654723690420894378273411978651211218188853901366990904722392047515617122820006561064741759661509363994149313769892471625335
33258442331656685965657782384855140919512554720475200064777215169252871209180718556717601007774921448105204308811703814212612666573207865249156746727021591088242863147784604972746366449349041649475950
-11474491609483850140823675902948159084440513770240459319703636877726480581649409528194010181236988696
-48495072889921508480574589673759584577061039223514201563867328725133971675815942051097463017165807553747481860885919444008483852604136672298758176842625609517436687803490284053965790734283559085495232
4409470431046094244787807816248435466070160448269371226508442519553974614677629381108752363033364721
12960701486159511211246305332595577749643529557455042998976851753786646760177209927219999638070303549
533894022077882333425514031167172525991386587888789748618508846768102702165705176137100563163432839
-3317474021915373296702318431415954826760466622679204026220397427545864395781822136217678720126091944
5138758332037760060903618495821624356270415517705154094607969214476811935601387692414472685042244907
14387889337196301635896453219979330982797608841868846152637092302909727142802163454266418387895376158
14012838013292102225859715746982133838367377082027536916706993261251342129663714393757189306739572144
10745478662788701743908081595832112299965874189560241378404187953278743247586484632639715872267375522
-7105683892843149686109113896465751307550119194368688100942375382923060430032905260814390230262445011
-32758693713493994664182477485594947622415759936646659066018706637602050387224576722546907484990821072334817393808589699912942127953897188945931868720599211347355653788460760309737829147528464061020404
60744221387103858858897397021495538686846080382048636594679651548035225190818190091872843401244709371134722707747189580729850520874395751035983067049532041869578278680430826746860145103912188790131274
-11914908443931781115875622800496175878944260238813163851159097444005802755557115842380332546497595941183221992490362947809595422041999433884923708250024079452809799797785752814888253482294303544087092
-6142707220940951925023149453470493566330121898679722616314201149313115120648467824893374336264488306
1958516897069835569846821417850846179884823783892004903059182950811725325020573456388960603238958736202417138558754816062955204234738130797774387712916380128287481819266261996971500261265852955772897
3321829993353669980215817066781960159716264102023421433816202969816293726333584329060987277452157546
-63104035074684392731768092808549957187511041766845094395800308670282425308429292653268926871583401477842108513332920075812284243745972518237594328512103888195234602708243907287526489556278557842451881
